[    8178ms] [WARNING] Mixed Content: The page at 'https://www.google.com/search?q=outlook&oq=outlook&gs_lcrp=EgZjaHJvbWUyDAgAEEUYORixAxiABDIKCAEQABixAxiABDIKCAIQABixAxiABDIKCAMQABixAxiABDIKCAQQABixAxiABDIKCAUQABixAxiABDIHCAYQABiABDIKCAcQABixAxiABDIKCAgQABixAxiABNIBCDIxOTVqMGo3qAIAsAIA&sourceid=chrome&ie=UTF-8&sei=uJu2ad2gOpCgiLMP6t6WgQ8' was loaded over HTTPS, but requested an insecure element 'http://img.youtube.com/vi/DQ1KEncfzL4/hqdefault.jpg'. This request was automatically upgraded to HTTPS, For more information see https://blog.chromium.org/2019/10/no-more-mixed-messages-about-https.html @ https://www.google.com/search?q=outlook&oq=outlook&gs_lcrp=EgZjaHJvbWUyDAgAEEUYORixAxiABDIKCAEQABixAxiABDIKCAIQABixAxiABDIKCAMQABixAxiABDIKCAQQABixAxiABDIKCAUQABixAxiABDIHCAYQABiABDIKCAcQABixAxiABDIKCAgQABixAxiABNIBCDIxOTVqMGo3qAIAsAIA&sourceid=chrome&ie=UTF-8&sei=uJu2ad2gOpCgiLMP6t6WgQ8:0
[    8178ms] [WARNING] Mixed Content: The page at 'https://www.google.com/search?q=outlook&oq=outlook&gs_lcrp=EgZjaHJvbWUyDAgAEEUYORixAxiABDIKCAEQABixAxiABDIKCAIQABixAxiABDIKCAMQABixAxiABDIKCAQQABixAxiABDIKCAUQABixAxiABDIHCAYQABiABDIKCAcQABixAxiABDIKCAgQABixAxiABNIBCDIxOTVqMGo3qAIAsAIA&sourceid=chrome&ie=UTF-8&sei=uJu2ad2gOpCgiLMP6t6WgQ8' was loaded over HTTPS, but requested an insecure element 'http://img.youtube.com/vi/y6EQk33fu-s/hqdefault.jpg'. This request was automatically upgraded to HTTPS, For more information see https://blog.chromium.org/2019/10/no-more-mixed-messages-about-https.html @ https://www.google.com/search?q=outlook&oq=outlook&gs_lcrp=EgZjaHJvbWUyDAgAEEUYORixAxiABDIKCAEQABixAxiABDIKCAIQABixAxiABDIKCAMQABixAxiABDIKCAQQABixAxiABDIKCAUQABixAxiABDIHCAYQABiABDIKCAcQABixAxiABDIKCAgQABixAxiABNIBCDIxOTVqMGo3qAIAsAIA&sourceid=chrome&ie=UTF-8&sei=uJu2ad2gOpCgiLMP6t6WgQ8:0
[    8178ms] [WARNING] Mixed Content: The page at 'https://www.google.com/search?q=outlook&oq=outlook&gs_lcrp=EgZjaHJvbWUyDAgAEEUYORixAxiABDIKCAEQABixAxiABDIKCAIQABixAxiABDIKCAMQABixAxiABDIKCAQQABixAxiABDIKCAUQABixAxiABDIHCAYQABiABDIKCAcQABixAxiABDIKCAgQABixAxiABNIBCDIxOTVqMGo3qAIAsAIA&sourceid=chrome&ie=UTF-8&sei=uJu2ad2gOpCgiLMP6t6WgQ8' was loaded over HTTPS, but requested an insecure element 'http://img.youtube.com/vi/08GJS9PdV7g/hqdefault.jpg'. This request was automatically upgraded to HTTPS, For more information see https://blog.chromium.org/2019/10/no-more-mixed-messages-about-https.html @ https://www.google.com/search?q=outlook&oq=outlook&gs_lcrp=EgZjaHJvbWUyDAgAEEUYORixAxiABDIKCAEQABixAxiABDIKCAIQABixAxiABDIKCAMQABixAxiABDIKCAQQABixAxiABDIKCAUQABixAxiABDIHCAYQABiABDIKCAcQABixAxiABDIKCAgQABixAxiABNIBCDIxOTVqMGo3qAIAsAIA&sourceid=chrome&ie=UTF-8&sei=uJu2ad2gOpCgiLMP6t6WgQ8:0
[    8178ms] [WARNING] Mixed Content: The page at 'https://www.google.com/search?q=outlook&oq=outlook&gs_lcrp=EgZjaHJvbWUyDAgAEEUYORixAxiABDIKCAEQABixAxiABDIKCAIQABixAxiABDIKCAMQABixAxiABDIKCAQQABixAxiABDIKCAUQABixAxiABDIHCAYQABiABDIKCAcQABixAxiABDIKCAgQABixAxiABNIBCDIxOTVqMGo3qAIAsAIA&sourceid=chrome&ie=UTF-8&sei=uJu2ad2gOpCgiLMP6t6WgQ8' was loaded over HTTPS, but requested an insecure element 'http://img.youtube.com/vi/K2C4HKfnxzs/hqdefault.jpg'. This request was automatically upgraded to HTTPS, For more information see https://blog.chromium.org/2019/10/no-more-mixed-messages-about-https.html @ https://www.google.com/search?q=outlook&oq=outlook&gs_lcrp=EgZjaHJvbWUyDAgAEEUYORixAxiABDIKCAEQABixAxiABDIKCAIQABixAxiABDIKCAMQABixAxiABDIKCAQQABixAxiABDIKCAUQABixAxiABDIHCAYQABiABDIKCAcQABixAxiABDIKCAgQABixAxiABNIBCDIxOTVqMGo3qAIAsAIA&sourceid=chrome&ie=UTF-8&sei=uJu2ad2gOpCgiLMP6t6WgQ8:0
[    9121ms] [WARNING] Failed to execute 'postMessage' on 'DOMWindow': The target origin provided ('https://www.youtube.com') does not match the recipient window's origin ('https://www.google.com'). @ https://www.youtube.com/s/player/74edf1a3/www-widgetapi.vflset/www-widgetapi.js:209
[   11212ms] Identifier 'LocalStorageUtil' has already been declared
[   11213ms] Identifier 'LocalStorageUtil' has already been declared
[   11213ms] Identifier 'LocalStorageUtil' has already been declared
[   11235ms] Identifier 'LocalStorageUtil' has already been declared
[   11235ms] Identifier 'LocalStorageUtil' has already been declared
[   11235ms] Identifier 'LocalStorageUtil' has already been declared
[   11237ms] Identifier 'LocalStorageUtil' has already been declared
[   11249ms] Identifier 'LocalStorageUtil' has already been declared
[   11251ms] Identifier 'LocalStorageUtil' has already been declared
[   11254ms] Identifier 'LocalStorageUtil' has already been declared
[   11255ms] Identifier 'LocalStorageUtil' has already been declared
[   11263ms] Identifier 'LocalStorageUtil' has already been declared
[   12019ms] [WARNING] [OCR][ProductPricingManager] creation error:  Error: [OCR][ProductPricingManager] Invalid pricing component element. Missing data-ocr-pricing-identifier or data-ocr-sku-request attribute.
    at ProductPricingManager.findPricingRequestElement (https://www.microsoft.com/etc.clientlibs/onecloud/clientlibs/clientlib-product-pricing.ACSHASHf9c4f2ed4e61ec88e9a455f543919e32.min.js:2891:19)
    at new ProductPricingRendering (https://www.microsoft.com/etc.clientlibs/onecloud/clientlibs/clientlib-product-pricing.ACSHASHf9c4f2ed4e61ec88e9a455f543919e32.min.js:2168:89)
    at ProductPricingManager.createProductPriceRenderInstance (https://www.microsoft.com/etc.clientlibs/onecloud/clientlibs/clientlib-product-pricing.ACSHASHf9c4f2ed4e61ec88e9a455f543919e32.min.js:3123:13)
    at ProductPricingManager.createProductPricingRequests (https://www.microsoft.com/etc.clientlibs/onecloud/clientlibs/clientlib-product-pricing.ACSHASHf9c4f2ed4e61ec88e9a455f543919e32.min.js:3044:30)
    at ProductPricingManager.initializePricingManager (https://www.microsoft.com/etc.clientlibs/onecloud/clientlibs/clientlib-product-pricing.ACSHASHf9c4f2ed4e61ec88e9a455f543919e32.min.js:2710:14)
    at new ProductPricingManager (https://www.microsoft.com/etc.clientlibs/onecloud/clientlibs/clientlib-product-pricing.ACSHASHf9c4f2ed4e61ec88e9a455f543919e32.min.js:2659:14)
    at initializeProductPriceModule (https://www.microsoft.com/golf/etc.clientlibs/onecloud/clientlibs/clientlib-product-pricing.ACSHASHf9c4f2ed4e61ec88e9a455f543919e32.min.js:649:17)
    at HTMLDocument.<anonymous> (https://www.microsoft.com/golf/etc.clientlibs/onecloud/clientlibs/clientlib-product-pricing.ACSHASHf9c4f2ed4e61ec88e9a455f543919e32.min.js:673:9) @ https://www.microsoft.com/etc.clientlibs/onecloud/clientlibs/clientlib-product-pricing.ACSHASHf9c4f2ed4e61ec88e9a455f543919e32.min.js:3045
[   12019ms] [WARNING] [OCR][ProductPricingManager] creation error:  Error: [OCR][ProductPricingManager] Invalid pricing component element. Missing data-ocr-pricing-identifier or data-ocr-sku-request attribute.
    at ProductPricingManager.findPricingRequestElement (https://www.microsoft.com/etc.clientlibs/onecloud/clientlibs/clientlib-product-pricing.ACSHASHf9c4f2ed4e61ec88e9a455f543919e32.min.js:2891:19)
    at new ProductPricingRendering (https://www.microsoft.com/etc.clientlibs/onecloud/clientlibs/clientlib-product-pricing.ACSHASHf9c4f2ed4e61ec88e9a455f543919e32.min.js:2168:89)
    at ProductPricingManager.createProductPriceRenderInstance (https://www.microsoft.com/etc.clientlibs/onecloud/clientlibs/clientlib-product-pricing.ACSHASHf9c4f2ed4e61ec88e9a455f543919e32.min.js:3123:13)
    at ProductPricingManager.createProductPricingRequests (https://www.microsoft.com/etc.clientlibs/onecloud/clientlibs/clientlib-product-pricing.ACSHASHf9c4f2ed4e61ec88e9a455f543919e32.min.js:3044:30)
    at ProductPricingManager.initializePricingManager (https://www.microsoft.com/etc.clientlibs/onecloud/clientlibs/clientlib-product-pricing.ACSHASHf9c4f2ed4e61ec88e9a455f543919e32.min.js:2710:14)
    at new ProductPricingManager (https://www.microsoft.com/etc.clientlibs/onecloud/clientlibs/clientlib-product-pricing.ACSHASHf9c4f2ed4e61ec88e9a455f543919e32.min.js:2659:14)
    at initializeProductPriceModule (https://www.microsoft.com/golf/etc.clientlibs/onecloud/clientlibs/clientlib-product-pricing.ACSHASHf9c4f2ed4e61ec88e9a455f543919e32.min.js:649:17)
    at HTMLDocument.<anonymous> (https://www.microsoft.com/golf/etc.clientlibs/onecloud/clientlibs/clientlib-product-pricing.ACSHASHf9c4f2ed4e61ec88e9a455f543919e32.min.js:673:9) @ https://www.microsoft.com/etc.clientlibs/onecloud/clientlibs/clientlib-product-pricing.ACSHASHf9c4f2ed4e61ec88e9a455f543919e32.min.js:3045
[   16552ms] [ERROR] Failed to load resource: net::ERR_NAME_NOT_RESOLVED @ https://sync.search.spotxchange.com/partner?adv_id=6409&uid=ababvwAAAFeWLwOV&img=1:0
